<?xml version="1.0" encoding="UTF-8"?>
<!-- Generated by org.testng.reporters.JUnitReportReporter -->
<testsuite hostname="hadhoud" failures="0" tests="4" name="tests.UserRegistrationTestWithJavaFaker" time="5.036" errors="0" timestamp="2023-12-26T22:14:15 GMT+01:00" skipped="0">
  <testcase classname="tests.UserRegistrationTestWithJavaFaker" name="UserCanLogout" time="0.730"/>
  <testcase classname="tests.UserRegistrationTestWithJavaFaker" name="UserCanLogin" time="1.436"/>
  <testcase classname="tests.UserRegistrationTestWithJavaFaker" name="UseContinueLink" time="0.488"/>
  <testcase classname="tests.UserRegistrationTestWithJavaFaker" name="UserCanRegisterSuccessfully" time="2.382"/>
</testsuite> <!-- tests.UserRegistrationTestWithJavaFaker -->
