<?xml version="1.0" encoding="UTF-8"?>
<!-- Generated by org.testng.reporters.JUnitReportReporter -->
<testsuite hostname="hadhoud" failures="0" tests="1" name="test.SearchProductUsingAutosuggestTest" time="0.005" errors="0" timestamp="2023-12-04T19:34:53 GMT+01:00" skipped="0">
  <testcase classname="test.SearchProductUsingAutosuggestTest" name="UserCanSearchWithAutoSuggest" time="0.005"/>
</testsuite> <!-- test.SearchProductUsingAutosuggestTest -->
