<?xml version="1.0" encoding="UTF-8"?>
<!-- Generated by org.testng.reporters.JUnitReportReporter -->
<testsuite hostname="hadhoud" failures="0" tests="3" name="tests.EmailProductTest" time="3.642" errors="0" timestamp="2024-03-10T16:48:18 GMT+01:00" skipped="0">
  <testcase classname="tests.EmailProductTest" name="UserSearchForProduct" time="1.822"/>
  <testcase classname="tests.EmailProductTest" name="UserCanEmailProduct" time="1.131"/>
  <testcase classname="tests.EmailProductTest" name="UserCanlogout" time="0.689"/>
</testsuite> <!-- tests.EmailProductTest -->
