<?xml version="1.0" encoding="UTF-8"?>
<!-- Generated by org.testng.reporters.JUnitReportReporter -->
<testsuite hostname="hadhoud" failures="0" tests="3" name="tests.UserRegistrationTestDDTWithPropertiesFile" time="4.731" errors="0" timestamp="2023-12-10T19:05:08 GMT+01:00" skipped="0">
  <testcase classname="tests.UserRegistrationTestDDTWithPropertiesFile" name="UserCanLogin" time="1.599"/>
  <testcase classname="tests.UserRegistrationTestDDTWithPropertiesFile" name="UseContinueLink" time="0.574"/>
  <testcase classname="tests.UserRegistrationTestDDTWithPropertiesFile" name="UserCanRegisterSuccessfully" time="2.558"/>
</testsuite> <!-- tests.UserRegistrationTestDDTWithPropertiesFile -->
