<?xml version="1.0" encoding="UTF-8"?>
<!-- Generated by org.testng.reporters.JUnitReportReporter -->
<testsuite hostname="hadhoud" failures="0" tests="3" name="test.CompareProductTest" time="14.219" errors="0" timestamp="2023-12-04T19:34:53 GMT+01:00" skipped="0">
  <testcase classname="test.CompareProductTest" name="UserCanClearCompareList" time="0.779"/>
  <testcase classname="test.CompareProductTest" name="UserCanRemoveProduct" time="0.901"/>
  <testcase classname="test.CompareProductTest" name="UserCanCompareProducts" time="12.539"/>
</testsuite> <!-- test.CompareProductTest -->
