<?xml version="1.0" encoding="UTF-8"?>
<!-- Generated by org.testng.reporters.JUnitReportReporter -->
<testsuite hostname="hadhoud" failures="0" tests="3" name="tests.UserRegistrationTest" time="4.912" errors="0" timestamp="2024-03-10T16:48:18 GMT+01:00" skipped="0">
  <testcase classname="tests.UserRegistrationTest" name="UseContinueLink" time="0.453"/>
  <testcase classname="tests.UserRegistrationTest" name="UserCanLogin" time="2.139"/>
  <testcase classname="tests.UserRegistrationTest" name="UserCanRegisterSuccessfully" time="2.320"/>
</testsuite> <!-- tests.UserRegistrationTest -->
