<?xml version="1.0" encoding="UTF-8"?>
<!-- Generated by org.testng.reporters.JUnitReportReporter -->
<testsuite hostname="hadhoud" failures="0" tests="4" name="tests.UserRegistrationTestWithDDTAndDataProvider" time="24.084" errors="0" timestamp="2023-12-10T14:30:55 GMT+01:00" skipped="0">
  <testcase classname="tests.UserRegistrationTestWithDDTAndDataProvider" name="UserCanRegisterSuccessfully" time="5.246"/>
  <testcase classname="tests.UserRegistrationTestWithDDTAndDataProvider" name="UserCanRegisterSuccessfully" time="6.123"/>
  <testcase classname="tests.UserRegistrationTestWithDDTAndDataProvider" name="UserCanRegisterSuccessfully" time="7.190"/>
  <testcase classname="tests.UserRegistrationTestWithDDTAndDataProvider" name="UserCanRegisterSuccessfully" time="5.525"/>
</testsuite> <!-- tests.UserRegistrationTestWithDDTAndDataProvider -->
