<?xml version="1.0" encoding="UTF-8"?>
<!-- Generated by org.testng.reporters.JUnitReportReporter -->
<testsuite hostname="hadhoud" failures="0" tests="2" name="tests.MyAccountTest" time="4.352" errors="0" timestamp="2024-03-10T16:48:18 GMT+01:00" skipped="0">
  <testcase classname="tests.MyAccountTest" name="UserCanloginWithNewPassword" time="2.371"/>
  <testcase classname="tests.MyAccountTest" name="RegisteredUserCanChangePassword" time="1.981"/>
</testsuite> <!-- tests.MyAccountTest -->
