<?xml version="1.0" encoding="UTF-8"?>
<!-- Generated by org.testng.reporters.JUnitReportReporter -->
<testsuite hostname="hadhoud" failures="0" tests="1" name="tests.SearchProductUsingAutosuggest" time="4.140" errors="0" timestamp="2023-11-27T22:38:41 GMT+01:00" skipped="0">
  <testcase classname="tests.SearchProductUsingAutosuggest" name="UserCanSearchWithAutoSuggest" time="4.140"/>
</testsuite> <!-- tests.SearchProductUsingAutosuggest -->
