<?xml version="1.0" encoding="UTF-8"?>
<!-- Generated by org.testng.reporters.JUnitReportReporter -->
<testsuite hostname="hadhoud" failures="0" tests="1" name="tests.SearchProductTest" time="1.123" errors="0" timestamp="2024-03-10T16:48:18 GMT+01:00" skipped="0">
  <testcase classname="tests.SearchProductTest" name="UserCanSearchForProduct" time="1.123"/>
</testsuite> <!-- tests.SearchProductTest -->
