<?xml version="1.0" encoding="UTF-8"?>
<!-- Generated by org.testng.reporters.JUnitReportReporter -->
<testsuite hostname="hadhoud" failures="0" tests="2" name="tests.ChangeCurrency" time="1.032" errors="0" timestamp="2024-03-10T16:48:18 GMT+01:00" skipped="0">
  <testcase classname="tests.ChangeCurrency" name="UserCanChangeCurrency" time="0.289"/>
  <testcase classname="tests.ChangeCurrency" name="UserCanSearchForProduct" time="0.743"/>
</testsuite> <!-- tests.ChangeCurrency -->
