<?xml version="1.0" encoding="UTF-8"?>
<!-- Generated by org.testng.reporters.JUnitReportReporter -->
<testsuite hostname="hadhoud" failures="0" tests="1" name="tests.UserRegistrationTestWithDDTAndCsv" time="20.376" errors="0" timestamp="2023-12-20T20:55:28 GMT+01:00" skipped="0">
  <testcase classname="tests.UserRegistrationTestWithDDTAndCsv" name="UserCanRegisterSuccessfully" time="20.376"/>
</testsuite> <!-- tests.UserRegistrationTestWithDDTAndCsv -->
