<?xml version="1.0" encoding="UTF-8"?>
<!-- Generated by org.testng.reporters.JUnitReportReporter -->
<testsuite hostname="hadhoud" failures="0" tests="1" name="tests.UserRegistrationTestWithDDTAndJSON" time="5.827" errors="0" timestamp="2023-12-26T21:29:18 GMT+01:00" skipped="0">
  <testcase classname="tests.UserRegistrationTestWithDDTAndJSON" name="UserCanRegisterSuccessfully" time="5.827"/>
</testsuite> <!-- tests.UserRegistrationTestWithDDTAndJSON -->
