<?xml version="1.0" encoding="UTF-8"?>
<!-- Generated by org.testng.reporters.JUnitReportReporter -->
<testsuite hostname="hadhoud" failures="0" tests="2" name="tests.ChangeCurrency" time="1.364" errors="0" timestamp="2023-12-08T21:08:34 GMT+01:00" skipped="0">
  <testcase classname="tests.ChangeCurrency" name="UserCanChangeCurrency" time="0.211"/>
  <testcase classname="tests.ChangeCurrency" name="UserCanSearchForProduct" time="1.153"/>
</testsuite> <!-- tests.ChangeCurrency -->
