<?xml version="1.0" encoding="UTF-8"?>
<!-- Generated by org.testng.reporters.JUnitReportReporter -->
<testsuite hostname="hadhoud" failures="0" tests="1" name="tests.SearchProductUsingAutosuggestTest" time="5.006" errors="0" timestamp="2023-12-08T21:08:34 GMT+01:00" skipped="0">
  <testcase classname="tests.SearchProductUsingAutosuggestTest" name="UserCanSearchWithAutoSuggest" time="5.006"/>
</testsuite> <!-- tests.SearchProductUsingAutosuggestTest -->
