<?xml version="1.0" encoding="UTF-8"?>
<!-- Generated by org.testng.reporters.JUnitReportReporter -->
<testsuite hostname="hadhoud" failures="0" tests="1" name="tests.SearchProductTest" time="1.609" errors="0" timestamp="2023-12-08T21:08:34 GMT+01:00" skipped="0">
  <testcase classname="tests.SearchProductTest" name="UserCanSearchForProduct" time="1.609"/>
</testsuite> <!-- tests.SearchProductTest -->
