<?xml version="1.0" encoding="UTF-8"?>
<!-- Generated by org.testng.reporters.JUnitReportReporter -->
<testsuite hostname="hadhoud" failures="0" tests="3" name="tests.CompareProductTest" time="8.343" errors="0" timestamp="2023-12-08T21:08:34 GMT+01:00" skipped="0">
  <testcase classname="tests.CompareProductTest" name="UserCanClearCompareList" time="0.900"/>
  <testcase classname="tests.CompareProductTest" name="UserCanRemoveProduct" time="0.938"/>
  <testcase classname="tests.CompareProductTest" name="UserCanCompareProducts" time="6.505"/>
</testsuite> <!-- tests.CompareProductTest -->
