<?xml version="1.0" encoding="UTF-8"?>
<!-- Generated by org.testng.reporters.JUnitReportReporter -->
<testsuite hostname="hadhoud" failures="0" tests="4" name="tests.AddToWishlistTest" time="5.017" errors="0" timestamp="2023-12-08T21:08:34 GMT+01:00" skipped="0">
  <testcase classname="tests.AddToWishlistTest" name="UserCanSearchWithAutoSuggest" time="1.836"/>
  <testcase classname="tests.AddToWishlistTest" name="UserCanAddProductToWishList" time="1.332"/>
  <testcase classname="tests.AddToWishlistTest" name="UserCanUpdateQuantity" time="0.994"/>
  <testcase classname="tests.AddToWishlistTest" name="UserCanRemoveProductFromWishlist" time="0.855"/>
</testsuite> <!-- tests.AddToWishlistTest -->
