<?xml version="1.0" encoding="UTF-8"?>
<!-- Generated by org.testng.reporters.JUnitReportReporter -->
<testsuite hostname="hadhoud" failures="0" tests="3" name="tests.AddProductToCartTest" time="7.812" errors="0" timestamp="2023-12-08T21:08:34 GMT+01:00" skipped="0">
  <testcase classname="tests.AddProductToCartTest" name="UserCanAddProductToCart" time="2.200"/>
  <testcase classname="tests.AddProductToCartTest" name="UserCanRemoveProduct" time="2.027"/>
  <testcase classname="tests.AddProductToCartTest" name="UserCanUpdateCartQuantity" time="3.585"/>
</testsuite> <!-- tests.AddProductToCartTest -->
